Using pre-set license
Built from '2022.3/china_unity/release' branch; Version is '2022.3.55f1c1 (06b99830297d) revision 440728'; Using compiler version '192829333'; Build Type 'Release'
OS: 'Windows 10  (10.0.19045) 64bit Professional' Language: 'zh' Physical Memory: 16068 MB
BatchMode: 1, IsHumanControllingUs: 0, StartBugReporterOnCrash: 0, Is64bit: 1, IsPro: 1

COMMAND LINE ARGUMENTS:
D:\unity\2022.3.55f1c1\Editor\Unity.exe
-adb2
-batchMode
-noUpm
-name
AssetImportWorker1
-projectPath
D:/BaiduNetdiskDownload/our-fps/our-fps
-logFile
Logs/AssetImportWorker1.log
-srvPort
62757
Successfully changed project path to: D:/BaiduNetdiskDownload/our-fps/our-fps
D:/BaiduNetdiskDownload/our-fps/our-fps
[UnityMemory] Configuration Parameters - Can be set up in boot.config
    "memorysetup-bucket-allocator-granularity=16"
    "memorysetup-bucket-allocator-bucket-count=8"
    "memorysetup-bucket-allocator-block-size=33554432"
    "memorysetup-bucket-allocator-block-count=8"
    "memorysetup-main-allocator-block-size=16777216"
    "memorysetup-thread-allocator-block-size=16777216"
    "memorysetup-gfx-main-allocator-block-size=16777216"
    "memorysetup-gfx-thread-allocator-block-size=16777216"
    "memorysetup-cache-allocator-block-size=4194304"
    "memorysetup-typetree-allocator-block-size=2097152"
    "memorysetup-profiler-bucket-allocator-granularity=16"
    "memorysetup-profiler-bucket-allocator-bucket-count=8"
    "memorysetup-profiler-bucket-allocator-block-size=33554432"
    "memorysetup-profiler-bucket-allocator-block-count=8"
    "memorysetup-profiler-allocator-block-size=16777216"
    "memorysetup-profiler-editor-allocator-block-size=1048576"
    "memorysetup-temp-allocator-size-main=16777216"
    "memorysetup-job-temp-allocator-block-size=2097152"
    "memorysetup-job-temp-allocator-block-size-background=1048576"
    "memorysetup-job-temp-allocator-reduction-small-platforms=262144"
    "memorysetup-allocator-temp-initial-block-size-main=262144"
    "memorysetup-allocator-temp-initial-block-size-worker=262144"
    "memorysetup-temp-allocator-size-background-worker=32768"
    "memorysetup-temp-allocator-size-job-worker=262144"
    "memorysetup-temp-allocator-size-preload-manager=33554432"
    "memorysetup-temp-allocator-size-nav-mesh-worker=65536"
    "memorysetup-temp-allocator-size-audio-worker=65536"
    "memorysetup-temp-allocator-size-cloud-worker=32768"
    "memorysetup-temp-allocator-size-gi-baking-worker=262144"
    "memorysetup-temp-allocator-size-gfx=262144"
Player connection [15204]  Target information:

Player connection [15204]  * "[IP] 172.31.80.1 [Port] 0 [Flags] 2 [Guid] 2968890371 [EditorId] 2968890371 [Version] 1048832 [Id] WindowsEditor(7,DESKTOP-A2F9F3B) [Debug] 1 [PackageName] WindowsEditor [ProjectName] Editor" 

Player connection [15204]  * "[IP] 192.168.79.1 [Port] 0 [Flags] 2 [Guid] 2968890371 [EditorId] 2968890371 [Version] 1048832 [Id] WindowsEditor(7,DESKTOP-A2F9F3B) [Debug] 1 [PackageName] WindowsEditor [ProjectName] Editor" 

Player connection [15204]  * "[IP] 192.168.188.1 [Port] 0 [Flags] 2 [Guid] 2968890371 [EditorId] 2968890371 [Version] 1048832 [Id] WindowsEditor(7,DESKTOP-A2F9F3B) [Debug] 1 [PackageName] WindowsEditor [ProjectName] Editor" 

Player connection [15204]  * "[IP] 172.31.48.1 [Port] 0 [Flags] 2 [Guid] 2968890371 [EditorId] 2968890371 [Version] 1048832 [Id] WindowsEditor(7,DESKTOP-A2F9F3B) [Debug] 1 [PackageName] WindowsEditor [ProjectName] Editor" 

Player connection [15204]  * "[IP] 10.162.86.2 [Port] 0 [Flags] 2 [Guid] 2968890371 [EditorId] 2968890371 [Version] 1048832 [Id] WindowsEditor(7,DESKTOP-A2F9F3B) [Debug] 1 [PackageName] WindowsEditor [ProjectName] Editor" 

Player connection [15204] Host joined multi-casting on [225.0.0.222:54997]...
Player connection [15204] Host joined alternative multi-casting on [225.0.0.222:34997]...
[PhysX] Initialized MultithreadedTaskDispatcher with 16 workers.
Refreshing native plugins compatible for Editor in 70.02 ms, found 3 plugins.
Preloading 0 native plugins for Editor in 0.00 ms.
Initialize engine version: 2022.3.55f1c1 (06b99830297d)
[Subsystems] Discovering subsystems at path D:/unity/2022.3.55f1c1/Editor/Data/Resources/UnitySubsystems
[Subsystems] Discovering subsystems at path D:/BaiduNetdiskDownload/our-fps/our-fps/Assets
GfxDevice: creating device client; threaded=0; jobified=0
Direct3D:
    Version:  Direct3D 11.0 [level 11.1]
    Renderer: NVIDIA GeForce MX570 (ID=0x25a6)
    Vendor:   NVIDIA
    VRAM:     1934 MB
    Driver:   32.0.15.6094
Initialize mono
Mono path[0] = 'D:/unity/2022.3.55f1c1/Editor/Data/Managed'
Mono path[1] = 'D:/unity/2022.3.55f1c1/Editor/Data/MonoBleedingEdge/lib/mono/unityjit-win32'
Mono config path = 'D:/unity/2022.3.55f1c1/Editor/Data/MonoBleedingEdge/etc'
Using monoOptions --debugger-agent=transport=dt_socket,embedding=1,server=y,suspend=n,address=127.0.0.1:56584
Begin MonoManager ReloadAssembly
Registering precompiled unity dll's ...
Register platform support module: D:/unity/2022.3.55f1c1/Editor/Data/PlaybackEngines/WebGLSupport/UnityEditor.WebGL.Extensions.dll
Register platform support module: D:/unity/2022.3.55f1c1/Editor/Data/PlaybackEngines/AndroidPlayer/UnityEditor.Android.Extensions.dll
Register platform support module: D:/unity/2022.3.55f1c1/Editor/Data/PlaybackEngines/WindowsStandaloneSupport/UnityEditor.WindowsStandalone.Extensions.dll
Registered in 0.019500 seconds.
- Loaded All Assemblies, in  1.182 seconds
Native extension for WindowsStandalone target not found
Native extension for Android target not found
Android Extension - Scanning For ADB Devices 940 ms
Native extension for WebGL target not found
Mono: successfully reloaded assembly
- Finished resetting the current domain, in  1.874 seconds
Domain Reload Profiling: 3055ms
	BeginReloadAssembly (422ms)
		ExecutionOrderSort (0ms)
		DisableScriptedObjects (0ms)
		BackupInstance (0ms)
		ReleaseScriptingObjects (0ms)
		CreateAndSetChildDomain (2ms)
	RebuildCommonClasses (96ms)
	RebuildNativeTypeToScriptingClass (30ms)
	initialDomainReloadingComplete (172ms)
	LoadAllAssembliesAndSetupDomain (461ms)
		LoadAssemblies (425ms)
		RebuildTransferFunctionScriptingTraits (0ms)
		AnalyzeDomain (450ms)
			TypeCache.Refresh (445ms)
				TypeCache.ScanAssembly (403ms)
			ScanForSourceGeneratedMonoScriptInfo (1ms)
			ResolveRequiredComponents (2ms)
	FinalizeReload (1875ms)
		ReleaseScriptCaches (0ms)
		RebuildScriptCaches (0ms)
		SetupLoadedEditorAssemblies (1731ms)
			LogAssemblyErrors (0ms)
			InitializePlatformSupportModulesInManaged (1196ms)
			SetLoadedEditorAssemblies (11ms)
			RefreshPlugins (0ms)
			BeforeProcessingInitializeOnLoad (6ms)
			ProcessInitializeOnLoadAttributes (391ms)
			ProcessInitializeOnLoadMethodAttributes (127ms)
			AfterProcessingInitializeOnLoad (0ms)
			EditorAssembliesLoaded (0ms)
		ExecutionOrderSort2 (0ms)
		AwakeInstancesAfterBackupRestoration (0ms)
========================================================================
Worker process is ready to serve import requests
Caller must complete domain reload
Begin MonoManager ReloadAssembly
Symbol file LoadedFromMemory is not a mono symbol file
- Loaded All Assemblies, in  2.959 seconds
Native extension for WindowsStandalone target not found
Native extension for Android target not found
Native extension for WebGL target not found
Mono: successfully reloaded assembly
- Finished resetting the current domain, in  2.347 seconds
Domain Reload Profiling: 5302ms
	BeginReloadAssembly (761ms)
		ExecutionOrderSort (0ms)
		DisableScriptedObjects (41ms)
		BackupInstance (0ms)
		ReleaseScriptingObjects (1ms)
		CreateAndSetChildDomain (98ms)
	RebuildCommonClasses (139ms)
	RebuildNativeTypeToScriptingClass (42ms)
	initialDomainReloadingComplete (201ms)
	LoadAllAssembliesAndSetupDomain (1812ms)
		LoadAssemblies (1601ms)
		RebuildTransferFunctionScriptingTraits (0ms)
		AnalyzeDomain (657ms)
			TypeCache.Refresh (527ms)
				TypeCache.ScanAssembly (471ms)
			ScanForSourceGeneratedMonoScriptInfo (93ms)
			ResolveRequiredComponents (29ms)
	FinalizeReload (2348ms)
		ReleaseScriptCaches (0ms)
		RebuildScriptCaches (0ms)
		SetupLoadedEditorAssemblies (1902ms)
			LogAssemblyErrors (0ms)
			InitializePlatformSupportModulesInManaged (45ms)
			SetLoadedEditorAssemblies (8ms)
			RefreshPlugins (0ms)
			BeforeProcessingInitializeOnLoad (206ms)
			ProcessInitializeOnLoadAttributes (1078ms)
			ProcessInitializeOnLoadMethodAttributes (558ms)
			AfterProcessingInitializeOnLoad (7ms)
			EditorAssembliesLoaded (1ms)
		ExecutionOrderSort2 (0ms)
		AwakeInstancesAfterBackupRestoration (18ms)
Launched and connected shader compiler UnityShaderCompiler.exe after 0.13 seconds
Refreshing native plugins compatible for Editor in 40.65 ms, found 3 plugins.
Preloading 0 native plugins for Editor in 0.00 ms.
Unloading 6204 Unused Serialized files (Serialized files now loaded: 0)
Unloading 54 unused Assets / (1.6 MB). Loaded Objects now: 6689.
Memory consumption went from 324.8 MB to 323.2 MB.
Total: 21.513300 ms (FindLiveObjects: 0.901800 ms CreateObjectMapping: 0.522800 ms MarkObjects: 19.024000 ms  DeleteObjects: 1.061600 ms)

AssetImportParameters requested are different than current active one (requested -> active):
  custom:container-demuxer-ogg: 62fdf1f143b41e24485cea50d1cbac27 -> 
  custom:video-decoder-ogg-theora: a1e56fd34408186e4bbccfd4996cb3dc -> 
  custom:framework-win-MediaFoundation: 216162199b28c13a410421893ffa2e32 -> 
  custom:CustomObjectIndexerAttribute: 72b91833f83ae208fae7752999fa3104 -> 
  custom:container-demuxer-webm: 4f35f7cbe854078d1ac9338744f61a02 -> 
  custom:container-muxer-webm: aa71ff27fc2769a1b78a27578f13a17b -> 
  custom:video-decoder-webm-vp8: 9c59270c3fd7afecdb556c50c9e8de78 -> 
  custom:SearchIndexIgnoredProperties: e643bd26f0fe6173181afceb89e7c659 -> 
  custom:AudioImporter_EditorPlatform: d09bf68614088b80899f8185d706f6e7 -> 
  custom:video-encoder-webm-vp8: eb34c28f22e8b96e1ab97ce403110664 -> 
  custom:audio-decoder-ogg-vorbis: bf7c407c2cedff20999df2af8eb42d56 -> 
  custom:audio-encoder-webm-vorbis: bf7c407c2cedff20999df2af8eb42d56 -> 
========================================================================
Received Import Request.
  Time since last request: 495111.405244 seconds.
  path: Assets/Low Poly FPS Pack/Demo_Scenes/Prefabs/Demo_Scene_2/Watchtower.prefab
  artifactKey: Guid(86fdee843de357b4380306c6fad7cb5f) Importer(815301076,1909f56bfc062723c751e8b465ee728b)
Start importing Assets/Low Poly FPS Pack/Demo_Scenes/Prefabs/Demo_Scene_2/Watchtower.prefab using Guid(86fdee843de357b4380306c6fad7cb5f) Importer(815301076,1909f56bfc062723c751e8b465ee728b) [PhysX] Initialized MultithreadedTaskDispatcher with 16 workers.
[PhysX] Initialized MultithreadedTaskDispatcher with 16 workers.
 -> (artifact id: 'c81b7dd844643e748d5429597f9a4704') in 0.851524 seconds
Number of updated asset objects reloaded before import = 0
Number of asset objects unloaded after import = 31
========================================================================
Received Import Request.
  Time since last request: 0.000084 seconds.
  path: Assets/Low Poly FPS Pack/Demo_Scenes/Prefabs/Demo_Scene_2/Wall 8.prefab
  artifactKey: Guid(3a4604fdf58461e49ac49988cfda2467) Importer(815301076,1909f56bfc062723c751e8b465ee728b)
Start importing Assets/Low Poly FPS Pack/Demo_Scenes/Prefabs/Demo_Scene_2/Wall 8.prefab using Guid(3a4604fdf58461e49ac49988cfda2467) Importer(815301076,1909f56bfc062723c751e8b465ee728b) [PhysX] Initialized MultithreadedTaskDispatcher with 16 workers.
[PhysX] Initialized MultithreadedTaskDispatcher with 16 workers.
 -> (artifact id: '326d0eb98bf6501e76b6d928ee8de308') in 0.043428 seconds
Number of updated asset objects reloaded before import = 0
Number of asset objects unloaded after import = 12
========================================================================
Received Import Request.
  Time since last request: 0.000052 seconds.
  path: Assets/Low Poly FPS Pack/Demo_Scenes/Prefabs/Demo_Scene_2/House 4.prefab
  artifactKey: Guid(d2a6ad434aae8cd40aa572accaee516e) Importer(815301076,1909f56bfc062723c751e8b465ee728b)
Start importing Assets/Low Poly FPS Pack/Demo_Scenes/Prefabs/Demo_Scene_2/House 4.prefab using Guid(d2a6ad434aae8cd40aa572accaee516e) Importer(815301076,1909f56bfc062723c751e8b465ee728b) [PhysX] Initialized MultithreadedTaskDispatcher with 16 workers.
[PhysX] Initialized MultithreadedTaskDispatcher with 16 workers.
 -> (artifact id: '55d773a2d32d170be2c4980cdcebc2e9') in 0.044160 seconds
Number of updated asset objects reloaded before import = 0
Number of asset objects unloaded after import = 12
========================================================================
Received Import Request.
  Time since last request: 0.000115 seconds.
  path: Assets/Low Poly FPS Pack/Demo_Scenes/Prefabs/Demo_Scene_2/Stone 5.prefab
  artifactKey: Guid(e872a88614e4b3a4fb71ec4011ca45e6) Importer(815301076,1909f56bfc062723c751e8b465ee728b)
Start importing Assets/Low Poly FPS Pack/Demo_Scenes/Prefabs/Demo_Scene_2/Stone 5.prefab using Guid(e872a88614e4b3a4fb71ec4011ca45e6) Importer(815301076,1909f56bfc062723c751e8b465ee728b) [PhysX] Initialized MultithreadedTaskDispatcher with 16 workers.
[PhysX] Initialized MultithreadedTaskDispatcher with 16 workers.
 -> (artifact id: 'ab0b71bb6d54c71444b5e2c54e7cd177') in 0.043893 seconds
Number of updated asset objects reloaded before import = 0
Number of asset objects unloaded after import = 12
========================================================================
Received Import Request.
  Time since last request: 0.000062 seconds.
  path: Assets/Low Poly FPS Pack/Demo_Scenes/Prefabs/Demo_Scene_2/House 2.prefab
  artifactKey: Guid(451afc9b7defe634a915d304e1224b1a) Importer(815301076,1909f56bfc062723c751e8b465ee728b)
Start importing Assets/Low Poly FPS Pack/Demo_Scenes/Prefabs/Demo_Scene_2/House 2.prefab using Guid(451afc9b7defe634a915d304e1224b1a) Importer(815301076,1909f56bfc062723c751e8b465ee728b) [PhysX] Initialized MultithreadedTaskDispatcher with 16 workers.
[PhysX] Initialized MultithreadedTaskDispatcher with 16 workers.
 -> (artifact id: 'f9b98e432209fd6bddb70c2b4d0c25e5') in 0.037223 seconds
Number of updated asset objects reloaded before import = 0
Number of asset objects unloaded after import = 12
========================================================================
Received Import Request.
  Time since last request: 0.000063 seconds.
  path: Assets/Low Poly FPS Pack/Demo_Scenes/Prefabs/Demo_Scene_2/Stone 4.prefab
  artifactKey: Guid(034b33ade44411e4885fb1f76bdd2a35) Importer(815301076,1909f56bfc062723c751e8b465ee728b)
Start importing Assets/Low Poly FPS Pack/Demo_Scenes/Prefabs/Demo_Scene_2/Stone 4.prefab using Guid(034b33ade44411e4885fb1f76bdd2a35) Importer(815301076,1909f56bfc062723c751e8b465ee728b) [PhysX] Initialized MultithreadedTaskDispatcher with 16 workers.
[PhysX] Initialized MultithreadedTaskDispatcher with 16 workers.
 -> (artifact id: 'c584c0ea778fac3791819ffac91e57b1') in 0.040985 seconds
Number of updated asset objects reloaded before import = 0
Number of asset objects unloaded after import = 12
========================================================================
Received Import Request.
  Time since last request: 0.000054 seconds.
  path: Assets/Low Poly FPS Pack/Demo_Scenes/Prefabs/Demo_Scene_2/Plant 2.prefab
  artifactKey: Guid(6f1f15afac0d4284da237c8a84e35beb) Importer(815301076,1909f56bfc062723c751e8b465ee728b)
Start importing Assets/Low Poly FPS Pack/Demo_Scenes/Prefabs/Demo_Scene_2/Plant 2.prefab using Guid(6f1f15afac0d4284da237c8a84e35beb) Importer(815301076,1909f56bfc062723c751e8b465ee728b) [PhysX] Initialized MultithreadedTaskDispatcher with 16 workers.
[PhysX] Initialized MultithreadedTaskDispatcher with 16 workers.
 -> (artifact id: '0a4eda1af254dd27de7ee43e40c7846f') in 0.040867 seconds
Number of updated asset objects reloaded before import = 0
Number of asset objects unloaded after import = 12
Editor requested this worker to shutdown with reason: Scaling down because of idle timeout
TcpMessagingSession - receive error: operation aborted. errorcode: 995, details: 由于线程退出或应用程序请求，已中止 I/O 操作。
AssetImportWorker is now disconnected from the server
Process exiting
Exiting without the bug reporter. Application will terminate with return code 0